[debug] [2020-11-18T03:36:53.577Z] ----------------------------------------------------------------------
[debug] [2020-11-18T03:36:53.580Z] Command:       C:\Program Files\nodejs\node.exe C:\Users\rilfi\AppData\Roaming\npm\node_modules\firebase-tools\lib\bin\firebase.js init
[debug] [2020-11-18T03:36:53.581Z] CLI Version:   8.16.2
[debug] [2020-11-18T03:36:53.581Z] Platform:      win32
[debug] [2020-11-18T03:36:53.581Z] Node Version:  v12.18.3
[debug] [2020-11-18T03:36:53.583Z] Time:          Wed Nov 18 2020 09:06:53 GMT+0530 (India Standard Time)
[debug] [2020-11-18T03:36:53.583Z] ----------------------------------------------------------------------
[debug] [2020-11-18T03:36:53.583Z] 
[debug] [2020-11-18T03:36:53.587Z] >>> [apiv2][query] GET https://firebase-public.firebaseio.com/cli.json [none]
[debug] [2020-11-18T03:36:53.625Z] > command requires scopes: ["email","openid","https://www.googleapis.com/auth/cloudplatformprojects.readonly","https://www.googleapis.com/auth/firebase","https://www.googleapis.com/auth/cloud-platform"]
[debug] [2020-11-18T03:36:53.626Z] > authorizing via signed-in user
[info] 
     ######## #### ########  ######## ########     ###     ######  ########
     ##        ##  ##     ## ##       ##     ##  ##   ##  ##       ##
     ######    ##  ########  ######   ########  #########  ######  ######
     ##        ##  ##    ##  ##       ##     ## ##     ##       ## ##
     ##       #### ##     ## ######## ########  ##     ##  ######  ########

You're about to initialize a Firebase project in this directory:

  F:\inoovalab\inoovalabwebsite\inoovalab

[debug] [2020-11-18T03:36:54.743Z] <<< [apiv2][status] GET https://firebase-public.firebaseio.com/cli.json 200
[debug] [2020-11-18T03:36:54.743Z] <<< [apiv2][body] GET https://firebase-public.firebaseio.com/cli.json {"cloudBuildErrorAfter":1594252800000,"cloudBuildWarnAfter":1590019200000,"defaultNode10After":1594252800000,"minVersion":"3.0.5","node8DeploysDisabledAfter":1613390400000,"node8RuntimeDisabledAfter":1615809600000,"node8WarnAfter":1600128000000}
[info] 
=== Project Setup
[info] 
[info] First, let's associate this project directory with a Firebase project.
[info] You can create multiple project aliases by running firebase use --add, 
[info] but for now we'll just set up a default project.
[info] 
[info] i  If you want to create a project in a Google Cloud organization or folder, please use "firebase projects:create" instead, and return to this command when you've created the project. 
